<?xml version="1.0" encoding="UTF-8"?>
<!-- Generated by org.testng.reporters.JUnitXMLReporter -->
<testsuite ignored="0" hostname="DESKTOP-9BHFH5M" failures="1" tests="1" name="Test" time="21.42" errors="0" timestamp="2022-06-30T08:40:59 IST">
  <testcase classname="testcases.VerifyAdminLogin" name="verifyAdminLogin" time="7.287">
    <failure type="java.lang.AssertionError" message="not matching with URL expected [true] but found [false]">
      <![CDATA[java.lang.AssertionError: not matching with URL expected [true] but found [false]
at pageclasses.AdminHomePage.logout(AdminHomePage.java:26)
at testcases.VerifyAdminLogin.verifyAdminLogin(VerifyAdminLogin.java:20)
at java.base/java.util.concurrent.ThreadPoolExecutor.runWorker(ThreadPoolExecutor.java:1136)
at java.base/java.util.concurrent.ThreadPoolExecutor$Worker.run(ThreadPoolExecutor.java:635)
at java.base/java.lang.Thread.run(Thread.java:833)
... Removed 15 stack frames]]>
    </failure>
  </testcase> <!-- verifyAdminLogin -->
</testsuite> <!-- Test -->
